Determining if the pthread_create exist failed with the following output:
Change Dir: /home/kevin/Development/SIMULATOR/SIMULATOR/build/CMakeFiles/CMakeTmp

Run Build Command:/usr/bin/make "cmTryCompileExec1625038302/fast"
/usr/bin/make -f CMakeFiles/cmTryCompileExec1625038302.dir/build.make CMakeFiles/cmTryCompileExec1625038302.dir/build
make[1]: Entering directory `/home/kevin/Development/SIMULATOR/SIMULATOR/build/CMakeFiles/CMakeTmp'
/usr/bin/cmake -E cmake_progress_report /home/kevin/Development/SIMULATOR/SIMULATOR/build/CMakeFiles/CMakeTmp/CMakeFiles 1
Building C object CMakeFiles/cmTryCompileExec1625038302.dir/CheckSymbolExists.c.o
/usr/bin/cc    -o CMakeFiles/cmTryCompileExec1625038302.dir/CheckSymbolExists.c.o   -c /home/kevin/Development/SIMULATOR/SIMULATOR/build/CMakeFiles/CMakeTmp/CheckSymbolExists.c
Linking C executable cmTryCompileExec1625038302
/usr/bin/cmake -E cmake_link_script CMakeFiles/cmTryCompileExec1625038302.dir/link.txt --verbose=1
/usr/bin/cc       CMakeFiles/cmTryCompileExec1625038302.dir/CheckSymbolExists.c.o  -o cmTryCompileExec1625038302 -rdynamic 
CMakeFiles/cmTryCompileExec1625038302.dir/CheckSymbolExists.c.o: In function `main':
CheckSymbolExists.c:(.text+0x16): undefined reference to `pthread_create'
collect2: error: ld returned 1 exit status
make[1]: Leaving directory `/home/kevin/Development/SIMULATOR/SIMULATOR/build/CMakeFiles/CMakeTmp'
make[1]: *** [cmTryCompileExec1625038302] Error 1
make: *** [cmTryCompileExec1625038302/fast] Error 2

File /home/kevin/Development/SIMULATOR/SIMULATOR/build/CMakeFiles/CMakeTmp/CheckSymbolExists.c:
/* */
#include <pthread.h>

int main(int argc, char** argv)
{
  (void)argv;
#ifndef pthread_create
  return ((int*)(&pthread_create))[argc];
#else
  (void)argc;
  return 0;
#endif
}

Determining if the function pthread_create exists in the pthreads failed with the following output:
Change Dir: /home/kevin/Development/SIMULATOR/SIMULATOR/build/CMakeFiles/CMakeTmp

Run Build Command:/usr/bin/make "cmTryCompileExec2898102842/fast"
/usr/bin/make -f CMakeFiles/cmTryCompileExec2898102842.dir/build.make CMakeFiles/cmTryCompileExec2898102842.dir/build
make[1]: Entering directory `/home/kevin/Development/SIMULATOR/SIMULATOR/build/CMakeFiles/CMakeTmp'
/usr/bin/cmake -E cmake_progress_report /home/kevin/Development/SIMULATOR/SIMULATOR/build/CMakeFiles/CMakeTmp/CMakeFiles 1
Building C object CMakeFiles/cmTryCompileExec2898102842.dir/CheckFunctionExists.c.o
/usr/bin/cc   -DCHECK_FUNCTION_EXISTS=pthread_create   -o CMakeFiles/cmTryCompileExec2898102842.dir/CheckFunctionExists.c.o   -c /usr/share/cmake-2.8/Modules/CheckFunctionExists.c
Linking C executable cmTryCompileExec2898102842
/usr/bin/cmake -E cmake_link_script CMakeFiles/cmTryCompileExec2898102842.dir/link.txt --verbose=1
/usr/bin/cc   -DCHECK_FUNCTION_EXISTS=pthread_create    CMakeFiles/cmTryCompileExec2898102842.dir/CheckFunctionExists.c.o  -o cmTryCompileExec2898102842 -rdynamic -lpthreads 
/usr/bin/ld: cannot find -lpthreads
collect2: error: ld returned 1 exit status
make[1]: *** [cmTryCompileExec2898102842] Error 1
make[1]: Leaving directory `/home/kevin/Development/SIMULATOR/SIMULATOR/build/CMakeFiles/CMakeTmp'
make: *** [cmTryCompileExec2898102842/fast] Error 2


